<?xml version="1.0" encoding="UTF-8"?>
<testExecutions version="1">
  <file path="C:\Users\israe\Desktop\TCC IGTI\vr-project\components\Spacer\Spacer.spec.js">
    <testCase name="Spacer component renders a spacer" duration="15"/>
  </file>
</testExecutions>